12:15:46 **** Incremental Build of configuration Debug for project stm32-rubber-ducky ****
make -j12 all 
arm-none-eabi-gcc "../usb_hid_keyboard/Src/usb_hid_keyboard.c" -std=gnu11 -g -c -I"/home/blackmath/stm32f401re-fiddling/stm32-rubber-ducky/usb_hid_keyboard/Inc" -O0 -ffunction-sections -fdata-sections -Wall -fstack-usage -MMD -MP -MF"usb_hid_keyboard/Src/usb_hid_keyboard.d" -MT"usb_hid_keyboard/Src/usb_hid_keyboard.o" --specs=nano.specs -mfloat-abi=soft -mthumb -o "usb_hid_keyboard/Src/usb_hid_keyboard.o"
arm-none-eabi-gcc "../USB_DEVICE/Target/usbd_conf.c" -std=gnu11 -g -c -I"/home/blackmath/stm32f401re-fiddling/stm32-rubber-ducky/usb_hid_keyboard/Inc" -O0 -ffunction-sections -fdata-sections -Wall -fstack-usage -MMD -MP -MF"USB_DEVICE/Target/usbd_conf.d" -MT"USB_DEVICE/Target/usbd_conf.o" --specs=nano.specs -mfloat-abi=soft -mthumb -o "USB_DEVICE/Target/usbd_conf.o"
arm-none-eabi-gcc "../USB_DEVICE/App/usb_device.c" -std=gnu11 -g -c -I"/home/blackmath/stm32f401re-fiddling/stm32-rubber-ducky/usb_hid_keyboard/Inc" -O0 -ffunction-sections -fdata-sections -Wall -fstack-usage -MMD -MP -MF"USB_DEVICE/App/usb_device.d" -MT"USB_DEVICE/App/usb_device.o" --specs=nano.specs -mfloat-abi=soft -mthumb -o "USB_DEVICE/App/usb_device.o"
arm-none-eabi-gcc "../USB_DEVICE/App/usbd_custom_hid_if.c" -std=gnu11 -g -c -I"/home/blackmath/stm32f401re-fiddling/stm32-rubber-ducky/usb_hid_keyboard/Inc" -O0 -ffunction-sections -fdata-sections -Wall -fstack-usage -MMD -MP -MF"USB_DEVICE/App/usbd_custom_hid_if.d" -MT"USB_DEVICE/App/usbd_custom_hid_if.o" --specs=nano.specs -mfloat-abi=soft -mthumb -o "USB_DEVICE/App/usbd_custom_hid_if.o"
arm-none-eabi-gcc "../USB_DEVICE/App/usbd_desc.c" -std=gnu11 -g -c -I"/home/blackmath/stm32f401re-fiddling/stm32-rubber-ducky/usb_hid_keyboard/Inc" -O0 -ffunction-sections -fdata-sections -Wall -fstack-usage -MMD -MP -MF"USB_DEVICE/App/usbd_desc.d" -MT"USB_DEVICE/App/usbd_desc.o" --specs=nano.specs -mfloat-abi=soft -mthumb -o "USB_DEVICE/App/usbd_desc.o"
arm-none-eabi-gcc "../Middlewares/ST/STM32_USB_Device_Library/Core/Src/usbd_core.c" -std=gnu11 -g -c -I"/home/blackmath/stm32f401re-fiddling/stm32-rubber-ducky/usb_hid_keyboard/Inc" -O0 -ffunction-sections -fdata-sections -Wall -fstack-usage -MMD -MP -MF"Middlewares/ST/STM32_USB_Device_Library/Core/Src/usbd_core.d" -MT"Middlewares/ST/STM32_USB_Device_Library/Core/Src/usbd_core.o" --specs=nano.specs -mfloat-abi=soft -mthumb -o "Middlewares/ST/STM32_USB_Device_Library/Core/Src/usbd_core.o"
arm-none-eabi-gcc "../Middlewares/ST/STM32_USB_Device_Library/Core/Src/usbd_ctlreq.c" -std=gnu11 -g -c -I"/home/blackmath/stm32f401re-fiddling/stm32-rubber-ducky/usb_hid_keyboard/Inc" -O0 -ffunction-sections -fdata-sections -Wall -fstack-usage -MMD -MP -MF"Middlewares/ST/STM32_USB_Device_Library/Core/Src/usbd_ctlreq.d" -MT"Middlewares/ST/STM32_USB_Device_Library/Core/Src/usbd_ctlreq.o" --specs=nano.specs -mfloat-abi=soft -mthumb -o "Middlewares/ST/STM32_USB_Device_Library/Core/Src/usbd_ctlreq.o"
arm-none-eabi-gcc "../Middlewares/ST/STM32_USB_Device_Library/Core/Src/usbd_ioreq.c" -std=gnu11 -g -c -I"/home/blackmath/stm32f401re-fiddling/stm32-rubber-ducky/usb_hid_keyboard/Inc" -O0 -ffunction-sections -fdata-sections -Wall -fstack-usage -MMD -MP -MF"Middlewares/ST/STM32_USB_Device_Library/Core/Src/usbd_ioreq.d" -MT"Middlewares/ST/STM32_USB_Device_Library/Core/Src/usbd_ioreq.o" --specs=nano.specs -mfloat-abi=soft -mthumb -o "Middlewares/ST/STM32_USB_Device_Library/Core/Src/usbd_ioreq.o"
arm-none-eabi-gcc "../Middlewares/ST/STM32_USB_Device_Library/Class/CustomHID/Src/usbd_customhid.c" -std=gnu11 -g -c -I"/home/blackmath/stm32f401re-fiddling/stm32-rubber-ducky/usb_hid_keyboard/Inc" -O0 -ffunction-sections -fdata-sections -Wall -fstack-usage -MMD -MP -MF"Middlewares/ST/STM32_USB_Device_Library/Class/CustomHID/Src/usbd_customhid.d" -MT"Middlewares/ST/STM32_USB_Device_Library/Class/CustomHID/Src/usbd_customhid.o" --specs=nano.specs -mfloat-abi=soft -mthumb -o "Middlewares/ST/STM32_USB_Device_Library/Class/CustomHID/Src/usbd_customhid.o"
arm-none-eabi-gcc "../Drivers/STM32F4xx_HAL_Driver/Src/stm32f4xx_hal.c" -std=gnu11 -g -c -I"/home/blackmath/stm32f401re-fiddling/stm32-rubber-ducky/usb_hid_keyboard/Inc" -O0 -ffunction-sections -fdata-sections -Wall -fstack-usage -MMD -MP -MF"Drivers/STM32F4xx_HAL_Driver/Src/stm32f4xx_hal.d" -MT"Drivers/STM32F4xx_HAL_Driver/Src/stm32f4xx_hal.o" --specs=nano.specs -mfloat-abi=soft -mthumb -o "Drivers/STM32F4xx_HAL_Driver/Src/stm32f4xx_hal.o"
arm-none-eabi-gcc "../Drivers/STM32F4xx_HAL_Driver/Src/stm32f4xx_hal_cortex.c" -std=gnu11 -g -c -I"/home/blackmath/stm32f401re-fiddling/stm32-rubber-ducky/usb_hid_keyboard/Inc" -O0 -ffunction-sections -fdata-sections -Wall -fstack-usage -MMD -MP -MF"Drivers/STM32F4xx_HAL_Driver/Src/stm32f4xx_hal_cortex.d" -MT"Drivers/STM32F4xx_HAL_Driver/Src/stm32f4xx_hal_cortex.o" --specs=nano.specs -mfloat-abi=soft -mthumb -o "Drivers/STM32F4xx_HAL_Driver/Src/stm32f4xx_hal_cortex.o"
arm-none-eabi-gcc "../Drivers/STM32F4xx_HAL_Driver/Src/stm32f4xx_hal_dma.c" -std=gnu11 -g -c -I"/home/blackmath/stm32f401re-fiddling/stm32-rubber-ducky/usb_hid_keyboard/Inc" -O0 -ffunction-sections -fdata-sections -Wall -fstack-usage -MMD -MP -MF"Drivers/STM32F4xx_HAL_Driver/Src/stm32f4xx_hal_dma.d" -MT"Drivers/STM32F4xx_HAL_Driver/Src/stm32f4xx_hal_dma.o" --specs=nano.specs -mfloat-abi=soft -mthumb -o "Drivers/STM32F4xx_HAL_Driver/Src/stm32f4xx_hal_dma.o"
In file included from ../USB_DEVICE/App/usbd_custom_hid_if.c:22:
../USB_DEVICE/App/usbd_custom_hid_if.h:30:10: fatal error: usbd_customhid.h: No such file or directory
   30 | #include "usbd_customhid.h"
      |          ^~~~~~~~~~~~~~~~~~
compilation terminated.
In file included from ../USB_DEVICE/App/usb_device.c:23:
../USB_DEVICE/App/usb_device.h:30:10: fatal error: stm32f4xx.h: No such file or directory
   30 | #include "stm32f4xx.h"
      |          ^~~~~~~~~~~~~
compilation terminated.
../USB_DEVICE/App/usbd_desc.c:22:10: fatal error: usbd_core.h: No such file or directory
   22 | #include "usbd_core.h"
      |          ^~~~~~~~~~~~~
compilation terminated.
../Middlewares/ST/STM32_USB_Device_Library/Core/Src/usbd_core.c:21:10: fatal error: usbd_core.h: No such file or directory
   21 | #include "usbd_core.h"
      |          ^~~~~~~~~~~~~
compilation terminated.
../USB_DEVICE/Target/usbd_conf.c:22:10: fatal error: stm32f4xx.h: No such file or directory
   22 | #include "stm32f4xx.h"
      |          ^~~~~~~~~~~~~
compilation terminated.
In file included from ../usb_hid_keyboard/Src/usb_hid_keyboard.c:47:
/home/blackmath/stm32f401re-fiddling/stm32-rubber-ducky/usb_hid_keyboard/Inc/usb_hid_keyboard.h:4:10: fatal error: main.h: No such file or directory
    4 | #include "main.h"
      |          ^~~~~~~~
compilation terminated.
../Middlewares/ST/STM32_USB_Device_Library/Class/CustomHID/Src/usbd_customhid.c:46:10: fatal error: usbd_customhid.h: No such file or directory
   46 | #include "usbd_customhid.h"
      |          ^~~~~~~~~~~~~~~~~~
compilation terminated.
make: *** [USB_DEVICE/App/subdir.mk:25: USB_DEVICE/App/usb_device.o] Error 1
make: *** Waiting for unfinished jobs....
make: *** [USB_DEVICE/App/subdir.mk:25: USB_DEVICE/App/usbd_custom_hid_if.o] Error 1
make: *** [USB_DEVICE/App/subdir.mk:25: USB_DEVICE/App/usbd_desc.o] Error 1
../Drivers/STM32F4xx_HAL_Driver/Src/stm32f4xx_hal.c:36:10: fatal error: stm32f4xx_hal.h: No such file or directory
   36 | #include "stm32f4xx_hal.h"
      |          ^~~~~~~~~~~~~~~~~
compilation terminated.
../Middlewares/ST/STM32_USB_Device_Library/Core/Src/usbd_ioreq.c:21:10: fatal error: usbd_ioreq.h: No such file or directory
   21 | #include "usbd_ioreq.h"
      |          ^~~~~~~~~~~~~~
compilation terminated.
make: *** [Middlewares/ST/STM32_USB_Device_Library/Core/Src/subdir.mk:25: Middlewares/ST/STM32_USB_Device_Library/Core/Src/usbd_core.o] Error 1
make: *** [usb_hid_keyboard/Src/subdir.mk:19: usb_hid_keyboard/Src/usb_hid_keyboard.o] Error 1
make: *** [USB_DEVICE/Target/subdir.mk:19: USB_DEVICE/Target/usbd_conf.o] Error 1
make: *** [Middlewares/ST/STM32_USB_Device_Library/Class/CustomHID/Src/subdir.mk:19: Middlewares/ST/STM32_USB_Device_Library/Class/CustomHID/Src/usbd_customhid.o] Error 1
make: *** [Middlewares/ST/STM32_USB_Device_Library/Core/Src/subdir.mk:25: Middlewares/ST/STM32_USB_Device_Library/Core/Src/usbd_ioreq.o] Error 1
make: *** [Drivers/STM32F4xx_HAL_Driver/Src/subdir.mk:70: Drivers/STM32F4xx_HAL_Driver/Src/stm32f4xx_hal.o] Error 1
../Middlewares/ST/STM32_USB_Device_Library/Core/Src/usbd_ctlreq.c:21:10: fatal error: usbd_ctlreq.h: No such file or directory
   21 | #include "usbd_ctlreq.h"
      |          ^~~~~~~~~~~~~~~
compilation terminated.
make: *** [Middlewares/ST/STM32_USB_Device_Library/Core/Src/subdir.mk:25: Middlewares/ST/STM32_USB_Device_Library/Core/Src/usbd_ctlreq.o] Error 1
../Drivers/STM32F4xx_HAL_Driver/Src/stm32f4xx_hal_cortex.c:83:10: fatal error: stm32f4xx_hal.h: No such file or directory
   83 | #include "stm32f4xx_hal.h"
      |          ^~~~~~~~~~~~~~~~~
compilation terminated.
make: *** [Drivers/STM32F4xx_HAL_Driver/Src/subdir.mk:70: Drivers/STM32F4xx_HAL_Driver/Src/stm32f4xx_hal_cortex.o] Error 1
../Drivers/STM32F4xx_HAL_Driver/Src/stm32f4xx_hal_dma.c:98:10: fatal error: stm32f4xx_hal.h: No such file or directory
   98 | #include "stm32f4xx_hal.h"
      |          ^~~~~~~~~~~~~~~~~
compilation terminated.
make: *** [Drivers/STM32F4xx_HAL_Driver/Src/subdir.mk:70: Drivers/STM32F4xx_HAL_Driver/Src/stm32f4xx_hal_dma.o] Error 1
"make -j12 all" terminated with exit code 2. Build might be incomplete.

12:15:46 Build Failed. 25 errors, 0 warnings. (took 176ms)

